{"E:\\SE_Project\\Weather_Hub\\server\\index.js": {"path":"E:\\SE_Project\\Weather_Hub\\server\\index.js","statementMap":{"0":{"start":{"line":1,"column":0},"end":{"line":1,"column":27}},"1":{"start":{"line":2,"column":16},"end":{"line":2,"column":34}},"2":{"start":{"line":3,"column":15},"end":{"line":3,"column":34}},"3":{"start":{"line":4,"column":12},"end":{"line":4,"column":35}},"4":{"start":{"line":5,"column":17},"end":{"line":5,"column":30}},"5":{"start":{"line":6,"column":13},"end":{"line":6,"column":28}},"6":{"start":{"line":8,"column":12},"end":{"line":8,"column":21}},"7":{"start":{"line":9,"column":13},"end":{"line":9,"column":37}},"8":{"start":{"line":11,"column":0},"end":{"line":11,"column":51}},"9":{"start":{"line":12,"column":0},"end":{"line":12,"column":24}},"10":{"start":{"line":14,"column":13},"end":{"line":20,"column":2}},"11":{"start":{"line":22,"column":15},"end":{"line":22,"column":37}},"12":{"start":{"line":24,"column":0},"end":{"line":40,"column":3}},"13":{"start":{"line":25,"column":1},"end":{"line":39,"column":2}},"14":{"start":{"line":26,"column":33},"end":{"line":26,"column":41}},"15":{"start":{"line":27,"column":2},"end":{"line":29,"column":3}},"16":{"start":{"line":28,"column":3},"end":{"line":28,"column":88}},"17":{"start":{"line":30,"column":25},"end":{"line":30,"column":56}},"18":{"start":{"line":31,"column":2},"end":{"line":36,"column":5}},"19":{"start":{"line":32,"column":3},"end":{"line":34,"column":4}},"20":{"start":{"line":33,"column":4},"end":{"line":33,"column":91}},"21":{"start":{"line":35,"column":3},"end":{"line":35,"column":84}},"22":{"start":{"line":38,"column":2},"end":{"line":38,"column":51}},"23":{"start":{"line":42,"column":0},"end":{"line":67,"column":3}},"24":{"start":{"line":43,"column":1},"end":{"line":66,"column":2}},"25":{"start":{"line":44,"column":33},"end":{"line":44,"column":41}},"26":{"start":{"line":45,"column":2},"end":{"line":47,"column":3}},"27":{"start":{"line":46,"column":3},"end":{"line":46,"column":88}},"28":{"start":{"line":48,"column":2},"end":{"line":62,"column":5}},"29":{"start":{"line":49,"column":3},"end":{"line":52,"column":4}},"30":{"start":{"line":50,"column":4},"end":{"line":50,"column":42}},"31":{"start":{"line":51,"column":4},"end":{"line":51,"column":61}},"32":{"start":{"line":53,"column":3},"end":{"line":55,"column":4}},"33":{"start":{"line":54,"column":4},"end":{"line":54,"column":68}},"34":{"start":{"line":56,"column":25},"end":{"line":56,"column":81}},"35":{"start":{"line":57,"column":3},"end":{"line":59,"column":4}},"36":{"start":{"line":58,"column":4},"end":{"line":58,"column":65}},"37":{"start":{"line":60,"column":17},"end":{"line":60,"column":78}},"38":{"start":{"line":61,"column":3},"end":{"line":61,"column":61}},"39":{"start":{"line":64,"column":2},"end":{"line":64,"column":39}},"40":{"start":{"line":65,"column":2},"end":{"line":65,"column":52}},"41":{"start":{"line":69,"column":0},"end":{"line":73,"column":1}},"42":{"start":{"line":70,"column":1},"end":{"line":72,"column":4}},"43":{"start":{"line":71,"column":2},"end":{"line":71,"column":51}},"44":{"start":{"line":75,"column":0},"end":{"line":75,"column":31}}},"fnMap":{"0":{"name":"(anonymous_0)","decl":{"start":{"line":24,"column":22},"end":{"line":24,"column":23}},"loc":{"start":{"line":24,"column":42},"end":{"line":40,"column":1}},"line":24},"1":{"name":"(anonymous_1)","decl":{"start":{"line":31,"column":110},"end":{"line":31,"column":111}},"loc":{"start":{"line":31,"column":128},"end":{"line":36,"column":3}},"line":31},"2":{"name":"(anonymous_2)","decl":{"start":{"line":42,"column":19},"end":{"line":42,"column":20}},"loc":{"start":{"line":42,"column":39},"end":{"line":67,"column":1}},"line":42},"3":{"name":"(anonymous_3)","decl":{"start":{"line":48,"column":79},"end":{"line":48,"column":80}},"loc":{"start":{"line":48,"column":103},"end":{"line":62,"column":3}},"line":48},"4":{"name":"(anonymous_4)","decl":{"start":{"line":70,"column":18},"end":{"line":70,"column":19}},"loc":{"start":{"line":70,"column":24},"end":{"line":72,"column":2}},"line":70}},"branchMap":{"0":{"loc":{"start":{"line":9,"column":13},"end":{"line":9,"column":37}},"type":"binary-expr","locations":[{"start":{"line":9,"column":13},"end":{"line":9,"column":29}},{"start":{"line":9,"column":33},"end":{"line":9,"column":37}}],"line":9},"1":{"loc":{"start":{"line":27,"column":2},"end":{"line":29,"column":3}},"type":"if","locations":[{"start":{"line":27,"column":2},"end":{"line":29,"column":3}},{"start":{},"end":{}}],"line":27},"2":{"loc":{"start":{"line":27,"column":6},"end":{"line":27,"column":28}},"type":"binary-expr","locations":[{"start":{"line":27,"column":6},"end":{"line":27,"column":15}},{"start":{"line":27,"column":19},"end":{"line":27,"column":28}}],"line":27},"3":{"loc":{"start":{"line":32,"column":3},"end":{"line":34,"column":4}},"type":"if","locations":[{"start":{"line":32,"column":3},"end":{"line":34,"column":4}},{"start":{},"end":{}}],"line":32},"4":{"loc":{"start":{"line":45,"column":2},"end":{"line":47,"column":3}},"type":"if","locations":[{"start":{"line":45,"column":2},"end":{"line":47,"column":3}},{"start":{},"end":{}}],"line":45},"5":{"loc":{"start":{"line":45,"column":6},"end":{"line":45,"column":28}},"type":"binary-expr","locations":[{"start":{"line":45,"column":6},"end":{"line":45,"column":15}},{"start":{"line":45,"column":19},"end":{"line":45,"column":28}}],"line":45},"6":{"loc":{"start":{"line":49,"column":3},"end":{"line":52,"column":4}},"type":"if","locations":[{"start":{"line":49,"column":3},"end":{"line":52,"column":4}},{"start":{},"end":{}}],"line":49},"7":{"loc":{"start":{"line":53,"column":3},"end":{"line":55,"column":4}},"type":"if","locations":[{"start":{"line":53,"column":3},"end":{"line":55,"column":4}},{"start":{},"end":{}}],"line":53},"8":{"loc":{"start":{"line":57,"column":3},"end":{"line":59,"column":4}},"type":"if","locations":[{"start":{"line":57,"column":3},"end":{"line":59,"column":4}},{"start":{},"end":{}}],"line":57},"9":{"loc":{"start":{"line":69,"column":0},"end":{"line":73,"column":1}},"type":"if","locations":[{"start":{"line":69,"column":0},"end":{"line":73,"column":1}},{"start":{},"end":{}}],"line":69}},"s":{"0":1,"1":1,"2":1,"3":1,"4":1,"5":1,"6":1,"7":1,"8":1,"9":1,"10":1,"11":1,"12":1,"13":2,"14":2,"15":2,"16":1,"17":1,"18":1,"19":1,"20":0,"21":1,"22":0,"23":1,"24":1,"25":1,"26":1,"27":0,"28":1,"29":1,"30":0,"31":0,"32":1,"33":0,"34":1,"35":1,"36":1,"37":0,"38":0,"39":0,"40":0,"41":1,"42":0,"43":0,"44":1},"f":{"0":2,"1":1,"2":1,"3":1,"4":0},"b":{"0":[1,1],"1":[1,1],"2":[2,1],"3":[0,1],"4":[0,1],"5":[1,1],"6":[0,1],"7":[0,1],"8":[1,0],"9":[0,1]},"_coverageSchema":"1a1c01bbd47fc00a2c39e90264f33305004495a9","hash":"2f74643f17b71c0e5f3eda4b3c287547df02e5e7"}
}
