TN:
SF:index.js
FN:24,(anonymous_0)
FN:31,(anonymous_1)
FN:42,(anonymous_2)
FN:48,(anonymous_3)
FN:70,(anonymous_4)
FNF:5
FNH:4
FNDA:2,(anonymous_0)
FNDA:1,(anonymous_1)
FNDA:1,(anonymous_2)
FNDA:1,(anonymous_3)
FNDA:0,(anonymous_4)
DA:1,1
DA:2,1
DA:3,1
DA:4,1
DA:5,1
DA:6,1
DA:8,1
DA:9,1
DA:11,1
DA:12,1
DA:14,1
DA:22,1
DA:24,1
DA:25,2
DA:26,2
DA:27,2
DA:28,1
DA:30,1
DA:31,1
DA:32,1
DA:33,0
DA:35,1
DA:38,0
DA:42,1
DA:43,1
DA:44,1
DA:45,1
DA:46,0
DA:48,1
DA:49,1
DA:50,0
DA:51,0
DA:53,1
DA:54,0
DA:56,1
DA:57,1
DA:58,1
DA:60,0
DA:61,0
DA:64,0
DA:65,0
DA:69,1
DA:70,0
DA:71,0
DA:75,1
LF:45
LH:33
BRDA:9,0,0,1
BRDA:9,0,1,1
BRDA:27,1,0,1
BRDA:27,1,1,1
BRDA:27,2,0,2
BRDA:27,2,1,1
BRDA:32,3,0,0
BRDA:32,3,1,1
BRDA:45,4,0,0
BRDA:45,4,1,1
BRDA:45,5,0,1
BRDA:45,5,1,1
BRDA:49,6,0,0
BRDA:49,6,1,1
BRDA:53,7,0,0
BRDA:53,7,1,1
BRDA:57,8,0,1
BRDA:57,8,1,0
BRDA:69,9,0,0
BRDA:69,9,1,1
BRF:20
BRH:14
end_of_record
